<?xml version="1.0" encoding="UTF-8"?>
<testng-results skipped="0" failed="0" total="3" passed="3">
  <reporter-output>
  </reporter-output>
  <suite name="Brabble challenge" duration-ms="354122" started-at="2019-03-20T11:04:45Z" finished-at="2019-03-20T11:10:39Z">
    <groups>
    </groups>
    <test name="Brabble challenge Tests" duration-ms="354122" started-at="2019-03-20T11:04:45Z" finished-at="2019-03-20T11:10:39Z">
      <class name="Device.ContactsList">
        <test-method status="PASS" signature="launchTheApp()" name="launchTheApp" is-config="true" duration-ms="60399" started-at="2019-03-20T11:04:45Z" finished-at="2019-03-20T11:05:45Z">
        </test-method>
        <test-method status="PASS" signature="sortByFirstName()" name="sortByFirstName" duration-ms="36615" started-at="2019-03-20T11:09:25Z" finished-at="2019-03-20T11:10:02Z">
        </test-method>
        <test-method status="PASS" signature="takeScreenShotOnFailure(org.testng.ITestResult)" name="takeScreenShotOnFailure" is-config="true" duration-ms="1" started-at="2019-03-20T11:10:02Z" finished-at="2019-03-20T11:10:02Z">
          <params>
            <param index="0">
              <value>
                <![CDATA[[TestResult: sortByFirstName STATUS:SUCCESS METHOD:Device.ContactsList.sortByFirstName()]
]]>
              </value>
            </param>
          </params>
        </test-method>
        <test-method status="PASS" signature="sortByLastName()" name="sortByLastName" duration-ms="33656" started-at="2019-03-20T11:10:02Z" finished-at="2019-03-20T11:10:36Z">
        </test-method>
        <test-method status="PASS" signature="takeScreenShotOnFailure(org.testng.ITestResult)" name="takeScreenShotOnFailure" is-config="true" duration-ms="0" started-at="2019-03-20T11:10:36Z" finished-at="2019-03-20T11:10:36Z">
          <params>
            <param index="0">
              <value>
                <![CDATA[[TestResult: sortByLastName STATUS:SUCCESS METHOD:Device.ContactsList.sortByLastName()]
]]>
              </value>
            </param>
          </params>
        </test-method>
        <test-method status="PASS" signature="closeTheApp()" name="closeTheApp" is-config="true" duration-ms="3409" started-at="2019-03-20T11:10:36Z" finished-at="2019-03-20T11:10:39Z">
        </test-method>
      </class>
      <class name="HomePage.InvisibleElementSelect">
        <test-method status="PASS" signature="launchTheApp()" name="launchTheApp" is-config="true" duration-ms="72763" started-at="2019-03-20T11:05:45Z" finished-at="2019-03-20T11:06:58Z">
        </test-method>
        <test-method status="PASS" signature="selectDropDownList()" name="selectDropDownList" duration-ms="141806" started-at="2019-03-20T11:06:58Z" finished-at="2019-03-20T11:09:20Z">
        </test-method>
        <test-method status="PASS" signature="takeScreenShotOnFailure(org.testng.ITestResult)" name="takeScreenShotOnFailure" is-config="true" duration-ms="2" started-at="2019-03-20T11:09:20Z" finished-at="2019-03-20T11:09:20Z">
          <params>
            <param index="0">
              <value>
                <![CDATA[[TestResult: selectDropDownList STATUS:SUCCESS METHOD:HomePage.InvisibleElementSelect.selectDropDownList()]
]]>
              </value>
            </param>
          </params>
        </test-method>
        <test-method status="PASS" signature="closeTheApp()" name="closeTheApp" is-config="true" duration-ms="5437" started-at="2019-03-20T11:09:20Z" finished-at="2019-03-20T11:09:25Z">
        </test-method>
      </class>
    </test>
  </suite>
</testng-results>
